<?xml version="1.0" encoding="UTF-8"?>
<testsuite xmlns:xsi="http://www.w3.org/2001/XMLSchema-instance" xsi:noNamespaceSchemaLocation="https://maven.apache.org/surefire/maven-surefire-plugin/xsd/surefire-test-report.xsd" name="com.karate.features.RunnerTest" time="31.092" tests="18" errors="0" skipped="0" failures="0">
  <properties>
[...]
</properties>
  <testcase name="testAll[1][1]" classname="com.karate.features.RunnerTest" time="3.929"/>
  <testcase name="testAll[1][2]" classname="com.karate.features.RunnerTest" time="1.206"/>
  <testcase name="testAll[1][3]" classname="com.karate.features.RunnerTest" time="1.17"/>
  <testcase name="testAll[1][4]" classname="com.karate.features.RunnerTest" time="2.437"/>
  <testcase name="testAll[1][5]" classname="com.karate.features.RunnerTest" time="1.357"/>
  <testcase name="testAll[1][6]" classname="com.karate.features.RunnerTest" time="4.597"/>
  <testcase name="testAll[1][7]" classname="com.karate.features.RunnerTest" time="2.108"/>
  <testcase name="testAll[1][8]" classname="com.karate.features.RunnerTest" time="2.6"/>
  <testcase name="testAll[2][1]" classname="com.karate.features.RunnerTest" time="1.071"/>
  <testcase name="testAll[3][1]" classname="com.karate.features.RunnerTest" time="1.416"/>
  <testcase name="testAll[4][1]" classname="com.karate.features.RunnerTest" time="0.635"/>
  <testcase name="testAll[5][1]" classname="com.karate.features.RunnerTest" time="1.37"/>
  <testcase name="testAll[6][1]" classname="com.karate.features.RunnerTest" time="1.177"/>
  <testcase name="testAll[7][1]" classname="com.karate.features.RunnerTest" time="0.08"/>
  <testcase name="testAll[8][1]" classname="com.karate.features.RunnerTest" time="1.205"/>
  <testcase name="testAll[8][2]" classname="com.karate.features.RunnerTest" time="0.883"/>
  <testcase name="testAll[9][1]" classname="com.karate.features.RunnerTest" time="0.663"/>
  <testcase name="testAll[10][1]" classname="com.karate.features.RunnerTest" time="1.375"/>
</testsuite>